<?xml version="1.0" encoding="UTF-8"?>
<testsuite xmlns:xsi="http://www.w3.org/2001/XMLSchema-instance" xsi:noNamespaceSchemaLocation="https://maven.apache.org/surefire/maven-surefire-plugin/xsd/surefire-test-report-3.0.xsd" version="3.0" name="TestSuite" time="7.74" tests="15" errors="0" skipped="0" failures="0">
  <properties>
[...]
</properties>
  <testcase name="runScenario[&quot;Verify that the user is able to created&quot;, &quot;Optional[Super Heroes feature]&quot;](1)" classname="runner.TestRunner" time="1.671">
    <system-out><![CDATA[
Scenario: Verify that the user is able to created &amp#27;[90m# src/test/java/feature/SuperHeroes.feature:6&amp#27;[0m
  &amp#27;[32mGiven &amp#27;[0m&amp#27;[32mUser Details&amp#27;[0m                              &amp#27;[90m# step_definitions.MyStepdefs.userDetails()&amp#27;[0m
Request method:	POST
Request URI:	http://localhost:8090/heroes
Proxy:			<none>
Request params:	<none>
Query params:	<none>
Form params:	<none>
Path params:	<none>
Headers:		Accept=application/json
				Authorization=Basic dXNlcm5hbWU6cGFzc3dvcmQ=
				Content-Type=application/json
Cookies:		<none>
Multiparts:		<none>
Body:
{
    "id": 0,
    "name": "Tony",
    "superName": "Fighter",
    "profession": "Avenger",
    "age": 50,
    "canFly": true
}
HTTP/1.1 201 
Set-Cookie: JSESSIONID=0BB809E2E110F6F2CACFFEAC768E14B9; Path=/; HttpOnly
Location: http://localhost:8090/1
X-Content-Type-Options: nosniff
X-XSS-Protection: 1; mode=block
Cache-Control: no-cache, no-store, max-age=0, must-revalidate
Pragma: no-cache
Expires: 0
X-Frame-Options: DENY
Content-Type: application/json
Transfer-Encoding: chunked
Date: Wed, 17 Aug 2022 07:12:41 GMT
Keep-Alive: timeout=60
Connection: keep-alive

{
    "id": 1,
    "name": "Tony",
    "superName": "Fighter",
    "profession": "Avenger",
    "age": 50,
    "canFly": true
}
  &amp#27;[32mWhen &amp#27;[0m&amp#27;[32mcreating a User&amp#27;[0m                            &amp#27;[90m# step_definitions.MyStepdefs.creatingAUser()&amp#27;[0m
  &amp#27;[32mThen &amp#27;[0m&amp#27;[32mUser must Created&amp#27;[0m                          &amp#27;[90m# step_definitions.MyStepdefs.userMustCreated()&amp#27;[0m
]]></system-out>
  </testcase>
  <testcase name="runScenario[&quot;Verify that the user is not able to create with no name&quot;, &quot;Optional[Super Heroes feature]&quot;](2)" classname="runner.TestRunner" time="0.503">
    <system-out><![CDATA[
Scenario: Verify that the user is not able to create with no name &amp#27;[90m# src/test/java/feature/SuperHeroes.feature:10&amp#27;[0m
  &amp#27;[32mGiven &amp#27;[0m&amp#27;[32mUser Details&amp#27;[0m                                              &amp#27;[90m# step_definitions.MyStepdefs.userDetails()&amp#27;[0m
Request method:	POST
Request URI:	http://localhost:8090/heroes
Proxy:			<none>
Request params:	<none>
Query params:	<none>
Form params:	<none>
Path params:	<none>
Headers:		Accept=application/json
				Authorization=Basic dXNlcm5hbWU6cGFzc3dvcmQ=
				Content-Type=application/json
Cookies:		<none>
Multiparts:		<none>
Body:
{
    "id": 0,
    "name": null,
    "superName": "Fighter",
    "profession": "Avenger",
    "age": 50,
    "canFly": true
}
HTTP/1.1 400 
Set-Cookie: JSESSIONID=66E2E3EE8E4470ED21B6FBD78DC97581; Path=/; HttpOnly
X-Content-Type-Options: nosniff
X-XSS-Protection: 1; mode=block
Cache-Control: no-cache, no-store, max-age=0, must-revalidate
Pragma: no-cache
Expires: 0
X-Frame-Options: DENY
Content-Type: application/json
Transfer-Encoding: chunked
Date: Wed, 17 Aug 2022 07:12:41 GMT
Connection: close

{
    "message": "Name is required"
}
  &amp#27;[32mWhen &amp#27;[0m&amp#27;[32mcreating a user with no name&amp#27;[0m                               &amp#27;[90m# step_definitions.MyStepdefs.creatingAUserWithNoName()&amp#27;[0m
  &amp#27;[32mThen &amp#27;[0m&amp#27;[32mName is required error thrown&amp#27;[0m                              &amp#27;[90m# step_definitions.MyStepdefs.nameIsRequiredErrorThrown()&amp#27;[0m
]]></system-out>
  </testcase>
  <testcase name="runScenario[&quot;Verify that the user is not able to create with no super name&quot;, &quot;Optional[Super Heroes feature]&quot;](3)" classname="runner.TestRunner" time="0.106">
    <system-out><![CDATA[
Scenario: Verify that the user is not able to create with no super name &amp#27;[90m# src/test/java/feature/SuperHeroes.feature:14&amp#27;[0m
  &amp#27;[32mGiven &amp#27;[0m&amp#27;[32mUser Details&amp#27;[0m                                                    &amp#27;[90m# step_definitions.MyStepdefs.userDetails()&amp#27;[0m
Request method:	POST
Request URI:	http://localhost:8090/heroes
Proxy:			<none>
Request params:	<none>
Query params:	<none>
Form params:	<none>
Path params:	<none>
Headers:		Accept=application/json
				Authorization=Basic dXNlcm5hbWU6cGFzc3dvcmQ=
				Content-Type=application/json
Cookies:		<none>
Multiparts:		<none>
Body:
{
    "id": 0,
    "name": "Tony",
    "superName": null,
    "profession": "Avenger",
    "age": 50,
    "canFly": true
}
HTTP/1.1 400 
Set-Cookie: JSESSIONID=8B2BC10FC41455E7A9B24AA3F308C868; Path=/; HttpOnly
X-Content-Type-Options: nosniff
X-XSS-Protection: 1; mode=block
Cache-Control: no-cache, no-store, max-age=0, must-revalidate
Pragma: no-cache
Expires: 0
X-Frame-Options: DENY
Content-Type: application/json
Transfer-Encoding: chunked
Date: Wed, 17 Aug 2022 07:12:41 GMT
Connection: close

{
    "message": "Super Name is required"
}
  &amp#27;[32mWhen &amp#27;[0m&amp#27;[32mCreating a user with no super name&amp#27;[0m                               &amp#27;[90m# step_definitions.MyStepdefs.creatingAUserWithNoSuperName()&amp#27;[0m
  &amp#27;[32mThen &amp#27;[0m&amp#27;[32mSuper name is required error thrown&amp#27;[0m                              &amp#27;[90m# step_definitions.MyStepdefs.superNameIsRequiredErrorThrown()&amp#27;[0m
]]></system-out>
  </testcase>
  <testcase name="runScenario[&quot;Verify that the user is  not able to create with no profession&quot;, &quot;Optional[Super Heroes feature]&quot;](4)" classname="runner.TestRunner" time="0.096">
    <system-out><![CDATA[
Scenario: Verify that the user is  not able to create with no profession &amp#27;[90m# src/test/java/feature/SuperHeroes.feature:18&amp#27;[0m
  &amp#27;[32mGiven &amp#27;[0m&amp#27;[32mUser Details&amp#27;[0m                                                     &amp#27;[90m# step_definitions.MyStepdefs.userDetails()&amp#27;[0m
Request method:	POST
Request URI:	http://localhost:8090/heroes
Proxy:			<none>
Request params:	<none>
Query params:	<none>
Form params:	<none>
Path params:	<none>
Headers:		Accept=application/json
				Authorization=Basic dXNlcm5hbWU6cGFzc3dvcmQ=
				Content-Type=application/json
Cookies:		<none>
Multiparts:		<none>
Body:
{
    "id": 0,
    "name": "Tony",
    "superName": "Fighter",
    "profession": null,
    "age": 50,
    "canFly": true
}
HTTP/1.1 400 
Set-Cookie: JSESSIONID=9CC42A0E2442E2BCE8686B7D51CF7802; Path=/; HttpOnly
X-Content-Type-Options: nosniff
X-XSS-Protection: 1; mode=block
Cache-Control: no-cache, no-store, max-age=0, must-revalidate
Pragma: no-cache
Expires: 0
X-Frame-Options: DENY
Content-Type: application/json
Transfer-Encoding: chunked
Date: Wed, 17 Aug 2022 07:12:41 GMT
Connection: close

{
    "message": "Profession is required"
}
  &amp#27;[32mWhen &amp#27;[0m&amp#27;[32mCreating user with no profession&amp#27;[0m                                  &amp#27;[90m# step_definitions.MyStepdefs.creatingUserWithNoProfession()&amp#27;[0m
  &amp#27;[32mThen &amp#27;[0m&amp#27;[32mprofession is required error thrown&amp#27;[0m                               &amp#27;[90m# step_definitions.MyStepdefs.professionIsRequiredErrorThrown()&amp#27;[0m
]]></system-out>
  </testcase>
  <testcase name="runScenario[&quot;Verify that the user is  not able to create with blank age&quot;, &quot;Optional[Super Heroes feature]&quot;](5)" classname="runner.TestRunner" time="0.097">
    <system-out><![CDATA[
Scenario: Verify that the user is  not able to create with blank age &amp#27;[90m# src/test/java/feature/SuperHeroes.feature:22&amp#27;[0m
  &amp#27;[32mGiven &amp#27;[0m&amp#27;[32mUser Details&amp#27;[0m                                                 &amp#27;[90m# step_definitions.MyStepdefs.userDetails()&amp#27;[0m
Request method:	POST
Request URI:	http://localhost:8090/heroes
Proxy:			<none>
Request params:	<none>
Query params:	<none>
Form params:	<none>
Path params:	<none>
Headers:		Accept=application/json
				Authorization=Basic dXNlcm5hbWU6cGFzc3dvcmQ=
				Content-Type=application/json
Cookies:		<none>
Multiparts:		<none>
Body:
{
    "id": 0,
    "name": "Tony",
    "superName": "Fighter",
    "profession": "Avenger",
    "age": 0,
    "canFly": true
}
HTTP/1.1 400 
Set-Cookie: JSESSIONID=013937D10FE9DBE3DCC949D83AFAE36C; Path=/; HttpOnly
X-Content-Type-Options: nosniff
X-XSS-Protection: 1; mode=block
Cache-Control: no-cache, no-store, max-age=0, must-revalidate
Pragma: no-cache
Expires: 0
X-Frame-Options: DENY
Content-Type: application/json
Transfer-Encoding: chunked
Date: Wed, 17 Aug 2022 07:12:42 GMT
Connection: close

{
    "message": "Age is required"
}
  &amp#27;[32mWhen &amp#27;[0m&amp#27;[32mCreating user with no age&amp#27;[0m                                     &amp#27;[90m# step_definitions.MyStepdefs.creatingUserWithNoAge()&amp#27;[0m
  &amp#27;[32mThen &amp#27;[0m&amp#27;[32mAge is required error thrown&amp#27;[0m                                  &amp#27;[90m# step_definitions.MyStepdefs.ageIsRequiredErrorThrown()&amp#27;[0m
]]></system-out>
  </testcase>
  <testcase name="runScenario[&quot;Verify that the user is created with blank canFly status&quot;, &quot;Optional[Super Heroes feature]&quot;](6)" classname="runner.TestRunner" time="0.089">
    <system-out><![CDATA[
Scenario: Verify that the user is created with blank canFly status &amp#27;[90m# src/test/java/feature/SuperHeroes.feature:26&amp#27;[0m
  &amp#27;[32mGiven &amp#27;[0m&amp#27;[32mUser Details&amp#27;[0m                                               &amp#27;[90m# step_definitions.MyStepdefs.userDetails()&amp#27;[0m
Request method:	POST
Request URI:	http://localhost:8090/heroes
Proxy:			<none>
Request params:	<none>
Query params:	<none>
Form params:	<none>
Path params:	<none>
Headers:		Accept=application/json
				Authorization=Basic dXNlcm5hbWU6cGFzc3dvcmQ=
				Content-Type=application/json
Cookies:		<none>
Multiparts:		<none>
Body:
{
    "id": 0,
    "name": "Tony",
    "superName": "Fighter",
    "profession": "Avenger",
    "age": 50,
    "canFly": false
}
HTTP/1.1 201 
Set-Cookie: JSESSIONID=A1F40FA955E46EAE51F6BD90050EA0A5; Path=/; HttpOnly
Location: http://localhost:8090/2
X-Content-Type-Options: nosniff
X-XSS-Protection: 1; mode=block
Cache-Control: no-cache, no-store, max-age=0, must-revalidate
Pragma: no-cache
Expires: 0
X-Frame-Options: DENY
Content-Type: application/json
Transfer-Encoding: chunked
Date: Wed, 17 Aug 2022 07:12:42 GMT
Keep-Alive: timeout=60
Connection: keep-alive

{
    "id": 2,
    "name": "Tony",
    "superName": "Fighter",
    "profession": "Avenger",
    "age": 50,
    "canFly": false
}
  &amp#27;[32mWhen &amp#27;[0m&amp#27;[32mCreating user with blank canFly&amp#27;[0m                             &amp#27;[90m# step_definitions.MyStepdefs.creatingUserWithBlankCanFly()&amp#27;[0m
  &amp#27;[32mThen &amp#27;[0m&amp#27;[32mUser must Created&amp#27;[0m                                           &amp#27;[90m# step_definitions.MyStepdefs.userMustCreated()&amp#27;[0m
]]></system-out>
  </testcase>
  <testcase name="runScenario[&quot;Verify that the user name is updated&quot;, &quot;Optional[Super Heroes feature]&quot;](7)" classname="runner.TestRunner" time="0.195">
    <system-out><![CDATA[
Scenario: Verify that the user name is updated &amp#27;[90m# src/test/java/feature/SuperHeroes.feature:30&amp#27;[0m
  &amp#27;[32mGiven &amp#27;[0m&amp#27;[32mUser Details&amp#27;[0m                           &amp#27;[90m# step_definitions.MyStepdefs.userDetails()&amp#27;[0m
Request method:	POST
Request URI:	http://localhost:8090/heroes
Proxy:			<none>
Request params:	<none>
Query params:	<none>
Form params:	<none>
Path params:	<none>
Headers:		Accept=application/json
				Authorization=Basic dXNlcm5hbWU6cGFzc3dvcmQ=
				Content-Type=application/json
Cookies:		<none>
Multiparts:		<none>
Body:
{
    "id": 0,
    "name": "Tony",
    "superName": "Fighter",
    "profession": "Avenger",
    "age": 50,
    "canFly": true
}
HTTP/1.1 201 
Set-Cookie: JSESSIONID=8EEC772602602ED9AA57F9CD86B0C761; Path=/; HttpOnly
Location: http://localhost:8090/3
X-Content-Type-Options: nosniff
X-XSS-Protection: 1; mode=block
Cache-Control: no-cache, no-store, max-age=0, must-revalidate
Pragma: no-cache
Expires: 0
X-Frame-Options: DENY
Content-Type: application/json
Transfer-Encoding: chunked
Date: Wed, 17 Aug 2022 07:12:42 GMT
Keep-Alive: timeout=60
Connection: keep-alive

{
    "id": 3,
    "name": "Tony",
    "superName": "Fighter",
    "profession": "Avenger",
    "age": 50,
    "canFly": true
}
  &amp#27;[32mWhen &amp#27;[0m&amp#27;[32mcreating a User&amp#27;[0m                         &amp#27;[90m# step_definitions.MyStepdefs.creatingAUser()&amp#27;[0m
Request method:	PUT
Request URI:	http://localhost:8090/heroes/3
Proxy:			<none>
Request params:	<none>
Query params:	<none>
Form params:	<none>
Path params:	<none>
Headers:		Accept=application/json
				Authorization=Basic dXNlcm5hbWU6cGFzc3dvcmQ=
				Content-Type=application/json
Cookies:		<none>
Multiparts:		<none>
Body:
{
    "id": 0,
    "name": "Tony",
    "superName": "Fighter",
    "profession": "Avenger",
    "age": 50,
    "canFly": true
}
HTTP/1.1 200 
Set-Cookie: JSESSIONID=FA719494202253E30C947268925A07CF; Path=/; HttpOnly
X-Content-Type-Options: nosniff
X-XSS-Protection: 1; mode=block
Cache-Control: no-cache, no-store, max-age=0, must-revalidate
Pragma: no-cache
Expires: 0
X-Frame-Options: DENY
Content-Type: application/json
Transfer-Encoding: chunked
Date: Wed, 17 Aug 2022 07:12:42 GMT
Keep-Alive: timeout=60
Connection: keep-alive

{
    "id": 3,
    "name": "Tony",
    "superName": "Fighter",
    "profession": "Avenger",
    "age": 50,
    "canFly": true
}
  &amp#27;[32mAnd &amp#27;[0m&amp#27;[32mupdating a user name&amp#27;[0m                     &amp#27;[90m# step_definitions.MyStepdefs.updatingAUserName()&amp#27;[0m
  &amp#27;[32mThen &amp#27;[0m&amp#27;[32mUser name must be updated&amp#27;[0m               &amp#27;[90m# step_definitions.MyStepdefs.userNameMustBeUpdated()&amp#27;[0m
]]></system-out>
  </testcase>
  <testcase name="runScenario[&quot;Verify that the user super name is updated&quot;, &quot;Optional[Super Heroes feature]&quot;](8)" classname="runner.TestRunner" time="0.164">
    <system-out><![CDATA[
Scenario: Verify that the user super name is updated &amp#27;[90m# src/test/java/feature/SuperHeroes.feature:35&amp#27;[0m
  &amp#27;[32mGiven &amp#27;[0m&amp#27;[32mUser Details&amp#27;[0m                                 &amp#27;[90m# step_definitions.MyStepdefs.userDetails()&amp#27;[0m
Request method:	POST
Request URI:	http://localhost:8090/heroes
Proxy:			<none>
Request params:	<none>
Query params:	<none>
Form params:	<none>
Path params:	<none>
Headers:		Accept=application/json
				Authorization=Basic dXNlcm5hbWU6cGFzc3dvcmQ=
				Content-Type=application/json
Cookies:		<none>
Multiparts:		<none>
Body:
{
    "id": 0,
    "name": "Tony",
    "superName": "Fighter",
    "profession": "Avenger",
    "age": 50,
    "canFly": true
}
HTTP/1.1 201 
Set-Cookie: JSESSIONID=A994ADE6C7BD80373799F2BA41EAF25D; Path=/; HttpOnly
Location: http://localhost:8090/4
X-Content-Type-Options: nosniff
X-XSS-Protection: 1; mode=block
Cache-Control: no-cache, no-store, max-age=0, must-revalidate
Pragma: no-cache
Expires: 0
X-Frame-Options: DENY
Content-Type: application/json
Transfer-Encoding: chunked
Date: Wed, 17 Aug 2022 07:12:42 GMT
Keep-Alive: timeout=60
Connection: keep-alive

{
    "id": 4,
    "name": "Tony",
    "superName": "Fighter",
    "profession": "Avenger",
    "age": 50,
    "canFly": true
}
  &amp#27;[32mWhen &amp#27;[0m&amp#27;[32mcreating a User&amp#27;[0m                               &amp#27;[90m# step_definitions.MyStepdefs.creatingAUser()&amp#27;[0m
Request method:	PUT
Request URI:	http://localhost:8090/heroes/4
Proxy:			<none>
Request params:	<none>
Query params:	<none>
Form params:	<none>
Path params:	<none>
Headers:		Accept=application/json
				Authorization=Basic dXNlcm5hbWU6cGFzc3dvcmQ=
				Content-Type=application/json
Cookies:		<none>
Multiparts:		<none>
Body:
{
    "id": 0,
    "name": "Tony",
    "superName": "Fighter",
    "profession": "Avenger",
    "age": 50,
    "canFly": true
}
HTTP/1.1 200 
Set-Cookie: JSESSIONID=D0BC2345631E1486C29D31B8CE4104B6; Path=/; HttpOnly
X-Content-Type-Options: nosniff
X-XSS-Protection: 1; mode=block
Cache-Control: no-cache, no-store, max-age=0, must-revalidate
Pragma: no-cache
Expires: 0
X-Frame-Options: DENY
Content-Type: application/json
Transfer-Encoding: chunked
Date: Wed, 17 Aug 2022 07:12:42 GMT
Keep-Alive: timeout=60
Connection: keep-alive

{
    "id": 4,
    "name": "Tony",
    "superName": "Fighter",
    "profession": "Avenger",
    "age": 50,
    "canFly": true
}
  &amp#27;[32mAnd &amp#27;[0m&amp#27;[32mupdating super name of user&amp#27;[0m                    &amp#27;[90m# step_definitions.MyStepdefs.updatingSuperNameOfUser()&amp#27;[0m
  &amp#27;[32mThen &amp#27;[0m&amp#27;[32mUser super name must be updated&amp#27;[0m               &amp#27;[90m# step_definitions.MyStepdefs.userSuperNameMustBeUpdated()&amp#27;[0m
]]></system-out>
  </testcase>
  <testcase name="runScenario[&quot;Verify that the user profession is updated&quot;, &quot;Optional[Super Heroes feature]&quot;](9)" classname="runner.TestRunner" time="0.165">
    <system-out><![CDATA[
Scenario: Verify that the user profession is updated &amp#27;[90m# src/test/java/feature/SuperHeroes.feature:40&amp#27;[0m
  &amp#27;[32mGiven &amp#27;[0m&amp#27;[32mUser Details&amp#27;[0m                                 &amp#27;[90m# step_definitions.MyStepdefs.userDetails()&amp#27;[0m
Request method:	POST
Request URI:	http://localhost:8090/heroes
Proxy:			<none>
Request params:	<none>
Query params:	<none>
Form params:	<none>
Path params:	<none>
Headers:		Accept=application/json
				Authorization=Basic dXNlcm5hbWU6cGFzc3dvcmQ=
				Content-Type=application/json
Cookies:		<none>
Multiparts:		<none>
Body:
{
    "id": 0,
    "name": "Tony",
    "superName": "Fighter",
    "profession": "Avenger",
    "age": 50,
    "canFly": true
}
HTTP/1.1 201 
Set-Cookie: JSESSIONID=9C55C56C73AB39AFAC358E270351A0DD; Path=/; HttpOnly
Location: http://localhost:8090/5
X-Content-Type-Options: nosniff
X-XSS-Protection: 1; mode=block
Cache-Control: no-cache, no-store, max-age=0, must-revalidate
Pragma: no-cache
Expires: 0
X-Frame-Options: DENY
Content-Type: application/json
Transfer-Encoding: chunked
Date: Wed, 17 Aug 2022 07:12:42 GMT
Keep-Alive: timeout=60
Connection: keep-alive

{
    "id": 5,
    "name": "Tony",
    "superName": "Fighter",
    "profession": "Avenger",
    "age": 50,
    "canFly": true
}
  &amp#27;[32mWhen &amp#27;[0m&amp#27;[32mcreating a User&amp#27;[0m                               &amp#27;[90m# step_definitions.MyStepdefs.creatingAUser()&amp#27;[0m
Request method:	PUT
Request URI:	http://localhost:8090/heroes/5
Proxy:			<none>
Request params:	<none>
Query params:	<none>
Form params:	<none>
Path params:	<none>
Headers:		Accept=application/json
				Authorization=Basic dXNlcm5hbWU6cGFzc3dvcmQ=
				Content-Type=application/json
Cookies:		<none>
Multiparts:		<none>
Body:
{
    "id": 0,
    "name": "Tony",
    "superName": "Fighter",
    "profession": "Avenger",
    "age": 50,
    "canFly": true
}
HTTP/1.1 200 
Set-Cookie: JSESSIONID=18F0D612FAAD4C7D0E06663A23B76697; Path=/; HttpOnly
X-Content-Type-Options: nosniff
X-XSS-Protection: 1; mode=block
Cache-Control: no-cache, no-store, max-age=0, must-revalidate
Pragma: no-cache
Expires: 0
X-Frame-Options: DENY
Content-Type: application/json
Transfer-Encoding: chunked
Date: Wed, 17 Aug 2022 07:12:42 GMT
Keep-Alive: timeout=60
Connection: keep-alive

{
    "id": 5,
    "name": "Tony",
    "superName": "Fighter",
    "profession": "Avenger",
    "age": 50,
    "canFly": true
}
  &amp#27;[32mAnd &amp#27;[0m&amp#27;[32mupdating profession of user&amp#27;[0m                    &amp#27;[90m# step_definitions.MyStepdefs.updatingProfessionOfUser()&amp#27;[0m
  &amp#27;[32mThen &amp#27;[0m&amp#27;[32mUser profession must be updated&amp#27;[0m               &amp#27;[90m# step_definitions.MyStepdefs.userProfessionMustBeUpdated()&amp#27;[0m
]]></system-out>
  </testcase>
  <testcase name="runScenario[&quot;Verify that the user age is updated&quot;, &quot;Optional[Super Heroes feature]&quot;](10)" classname="runner.TestRunner" time="0.16">
    <system-out><![CDATA[
Scenario: Verify that the user age is updated &amp#27;[90m# src/test/java/feature/SuperHeroes.feature:45&amp#27;[0m
  &amp#27;[32mGiven &amp#27;[0m&amp#27;[32mUser Details&amp#27;[0m                          &amp#27;[90m# step_definitions.MyStepdefs.userDetails()&amp#27;[0m
Request method:	POST
Request URI:	http://localhost:8090/heroes
Proxy:			<none>
Request params:	<none>
Query params:	<none>
Form params:	<none>
Path params:	<none>
Headers:		Accept=application/json
				Authorization=Basic dXNlcm5hbWU6cGFzc3dvcmQ=
				Content-Type=application/json
Cookies:		<none>
Multiparts:		<none>
Body:
{
    "id": 0,
    "name": "Tony",
    "superName": "Fighter",
    "profession": "Avenger",
    "age": 50,
    "canFly": true
}
HTTP/1.1 201 
Set-Cookie: JSESSIONID=7FF28083AA99F1C7AE8701AF49641289; Path=/; HttpOnly
Location: http://localhost:8090/6
X-Content-Type-Options: nosniff
X-XSS-Protection: 1; mode=block
Cache-Control: no-cache, no-store, max-age=0, must-revalidate
Pragma: no-cache
Expires: 0
X-Frame-Options: DENY
Content-Type: application/json
Transfer-Encoding: chunked
Date: Wed, 17 Aug 2022 07:12:42 GMT
Keep-Alive: timeout=60
Connection: keep-alive

{
    "id": 6,
    "name": "Tony",
    "superName": "Fighter",
    "profession": "Avenger",
    "age": 50,
    "canFly": true
}
  &amp#27;[32mWhen &amp#27;[0m&amp#27;[32mcreating a User&amp#27;[0m                        &amp#27;[90m# step_definitions.MyStepdefs.creatingAUser()&amp#27;[0m
Request method:	PUT
Request URI:	http://localhost:8090/heroes/6
Proxy:			<none>
Request params:	<none>
Query params:	<none>
Form params:	<none>
Path params:	<none>
Headers:		Accept=application/json
				Authorization=Basic dXNlcm5hbWU6cGFzc3dvcmQ=
				Content-Type=application/json
Cookies:		<none>
Multiparts:		<none>
Body:
{
    "id": 0,
    "name": "Tony",
    "superName": "Fighter",
    "profession": "Avenger",
    "age": 50,
    "canFly": true
}
HTTP/1.1 200 
Set-Cookie: JSESSIONID=0FB7F010FA01AC1F4187A7D349A12EAC; Path=/; HttpOnly
X-Content-Type-Options: nosniff
X-XSS-Protection: 1; mode=block
Cache-Control: no-cache, no-store, max-age=0, must-revalidate
Pragma: no-cache
Expires: 0
X-Frame-Options: DENY
Content-Type: application/json
Transfer-Encoding: chunked
Date: Wed, 17 Aug 2022 07:12:42 GMT
Keep-Alive: timeout=60
Connection: keep-alive

{
    "id": 6,
    "name": "Tony",
    "superName": "Fighter",
    "profession": "Avenger",
    "age": 50,
    "canFly": true
}
  &amp#27;[32mAnd &amp#27;[0m&amp#27;[32mupdating age of user&amp#27;[0m                    &amp#27;[90m# step_definitions.MyStepdefs.updatingAgeOfUser()&amp#27;[0m
  &amp#27;[32mThen &amp#27;[0m&amp#27;[32mUser age must be updated&amp#27;[0m               &amp#27;[90m# step_definitions.MyStepdefs.userAgeMustBeUpdated()&amp#27;[0m
]]></system-out>
  </testcase>
  <testcase name="runScenario[&quot;Verify that the user canFly status is updated&quot;, &quot;Optional[Super Heroes feature]&quot;](11)" classname="runner.TestRunner" time="0.169">
    <system-out><![CDATA[
Scenario: Verify that the user canFly status is updated &amp#27;[90m# src/test/java/feature/SuperHeroes.feature:50&amp#27;[0m
  &amp#27;[32mGiven &amp#27;[0m&amp#27;[32mUser Details&amp#27;[0m                                    &amp#27;[90m# step_definitions.MyStepdefs.userDetails()&amp#27;[0m
Request method:	POST
Request URI:	http://localhost:8090/heroes
Proxy:			<none>
Request params:	<none>
Query params:	<none>
Form params:	<none>
Path params:	<none>
Headers:		Accept=application/json
				Authorization=Basic dXNlcm5hbWU6cGFzc3dvcmQ=
				Content-Type=application/json
Cookies:		<none>
Multiparts:		<none>
Body:
{
    "id": 0,
    "name": "Tony",
    "superName": "Fighter",
    "profession": "Avenger",
    "age": 50,
    "canFly": true
}
HTTP/1.1 201 
Set-Cookie: JSESSIONID=FABCB1ECC464130A1752BF8F8CC32954; Path=/; HttpOnly
Location: http://localhost:8090/7
X-Content-Type-Options: nosniff
X-XSS-Protection: 1; mode=block
Cache-Control: no-cache, no-store, max-age=0, must-revalidate
Pragma: no-cache
Expires: 0
X-Frame-Options: DENY
Content-Type: application/json
Transfer-Encoding: chunked
Date: Wed, 17 Aug 2022 07:12:42 GMT
Keep-Alive: timeout=60
Connection: keep-alive

{
    "id": 7,
    "name": "Tony",
    "superName": "Fighter",
    "profession": "Avenger",
    "age": 50,
    "canFly": true
}
  &amp#27;[32mWhen &amp#27;[0m&amp#27;[32mcreating a User&amp#27;[0m                                  &amp#27;[90m# step_definitions.MyStepdefs.creatingAUser()&amp#27;[0m
Request method:	PUT
Request URI:	http://localhost:8090/heroes/7
Proxy:			<none>
Request params:	<none>
Query params:	<none>
Form params:	<none>
Path params:	<none>
Headers:		Accept=application/json
				Authorization=Basic dXNlcm5hbWU6cGFzc3dvcmQ=
				Content-Type=application/json
Cookies:		<none>
Multiparts:		<none>
Body:
{
    "id": 0,
    "name": "Tony",
    "superName": "Fighter",
    "profession": "Avenger",
    "age": 50,
    "canFly": true
}
HTTP/1.1 200 
Set-Cookie: JSESSIONID=58C892273E0BE143FDA3E6FA4E534934; Path=/; HttpOnly
X-Content-Type-Options: nosniff
X-XSS-Protection: 1; mode=block
Cache-Control: no-cache, no-store, max-age=0, must-revalidate
Pragma: no-cache
Expires: 0
X-Frame-Options: DENY
Content-Type: application/json
Transfer-Encoding: chunked
Date: Wed, 17 Aug 2022 07:12:42 GMT
Keep-Alive: timeout=60
Connection: keep-alive

{
    "id": 7,
    "name": "Tony",
    "superName": "Fighter",
    "profession": "Avenger",
    "age": 50,
    "canFly": true
}
  &amp#27;[32mAnd &amp#27;[0m&amp#27;[32mupdating canFly  status of user&amp#27;[0m                   &amp#27;[90m# step_definitions.MyStepdefs.updatingCanFlyStatusOfUser()&amp#27;[0m
  &amp#27;[32mThen &amp#27;[0m&amp#27;[32mUser canFly status must be updated&amp#27;[0m               &amp#27;[90m# step_definitions.MyStepdefs.userCanFlyStatusMustBeUpdated()&amp#27;[0m
]]></system-out>
  </testcase>
  <testcase name="runScenario[&quot;Verify that the users list is displayed&quot;, &quot;Optional[Super Heroes feature]&quot;](12)" classname="runner.TestRunner" time="0.229">
    <system-out><![CDATA[
Scenario: Verify that the users list is displayed &amp#27;[90m# src/test/java/feature/SuperHeroes.feature:55&amp#27;[0m
  &amp#27;[32mGiven &amp#27;[0m&amp#27;[32mUser Details&amp#27;[0m                              &amp#27;[90m# step_definitions.MyStepdefs.userDetails()&amp#27;[0m
Request method:	POST
Request URI:	http://localhost:8090/heroes
Proxy:			<none>
Request params:	<none>
Query params:	<none>
Form params:	<none>
Path params:	<none>
Headers:		Accept=application/json
				Authorization=Basic dXNlcm5hbWU6cGFzc3dvcmQ=
				Content-Type=application/json
Cookies:		<none>
Multiparts:		<none>
Body:
{
    "id": 0,
    "name": "Tony",
    "superName": "Fighter",
    "profession": "Avenger",
    "age": 50,
    "canFly": true
}
HTTP/1.1 201 
Set-Cookie: JSESSIONID=0A52D53B5C187E13BC4A083BD962C19A; Path=/; HttpOnly
Location: http://localhost:8090/8
X-Content-Type-Options: nosniff
X-XSS-Protection: 1; mode=block
Cache-Control: no-cache, no-store, max-age=0, must-revalidate
Pragma: no-cache
Expires: 0
X-Frame-Options: DENY
Content-Type: application/json
Transfer-Encoding: chunked
Date: Wed, 17 Aug 2022 07:12:43 GMT
Keep-Alive: timeout=60
Connection: keep-alive

{
    "id": 8,
    "name": "Tony",
    "superName": "Fighter",
    "profession": "Avenger",
    "age": 50,
    "canFly": true
}
  &amp#27;[32mWhen &amp#27;[0m&amp#27;[32mcreating a User&amp#27;[0m                            &amp#27;[90m# step_definitions.MyStepdefs.creatingAUser()&amp#27;[0m
Request method:	GET
Request URI:	http://localhost:8090/heroes
Proxy:			<none>
Request params:	<none>
Query params:	<none>
Form params:	<none>
Path params:	<none>
Headers:		Accept=application/json
				Authorization=Basic dXNlcm5hbWU6cGFzc3dvcmQ=
				Content-Type=application/json
Cookies:		<none>
Multiparts:		<none>
Body:			<none>
HTTP/1.1 200 
Set-Cookie: JSESSIONID=D8677C0D57D2129D79BE066DBE56CCD3; Path=/; HttpOnly
X-Content-Type-Options: nosniff
X-XSS-Protection: 1; mode=block
Cache-Control: no-cache, no-store, max-age=0, must-revalidate
Pragma: no-cache
Expires: 0
X-Frame-Options: DENY
Content-Type: application/json
Transfer-Encoding: chunked
Date: Wed, 17 Aug 2022 07:12:43 GMT
Keep-Alive: timeout=60
Connection: keep-alive

[
    {
        "id": 1,
        "name": "Tony",
        "superName": "Fighter",
        "profession": "Avenger",
        "age": 50,
        "canFly": true
    },
    {
        "id": 2,
        "name": "Tony",
        "superName": "Fighter",
        "profession": "Avenger",
        "age": 50,
        "canFly": false
    },
    {
        "id": 3,
        "name": "Tony",
        "superName": "Fighter",
        "profession": "Avenger",
        "age": 50,
        "canFly": true
    },
    {
        "id": 4,
        "name": "Tony",
        "superName": "Fighter",
        "profession": "Avenger",
        "age": 50,
        "canFly": true
    },
    {
        "id": 5,
        "name": "Tony",
        "superName": "Fighter",
        "profession": "Avenger",
        "age": 50,
        "canFly": true
    },
    {
        "id": 6,
        "name": "Tony",
        "superName": "Fighter",
        "profession": "Avenger",
        "age": 50,
        "canFly": true
    },
    {
        "id": 7,
        "name": "Tony",
        "superName": "Fighter",
        "profession": "Avenger",
        "age": 50,
        "canFly": true
    },
    {
        "id": 8,
        "name": "Tony",
        "superName": "Fighter",
        "profession": "Avenger",
        "age": 50,
        "canFly": true
    }
]
  &amp#27;[32mThen &amp#27;[0m&amp#27;[32mList of user must be displayed&amp#27;[0m             &amp#27;[90m# step_definitions.MyStepdefs.listOfUserMustBeDisplayed()&amp#27;[0m
]]></system-out>
  </testcase>
  <testcase name="runScenario[&quot;Verify that the particular user in the list is displayed&quot;, &quot;Optional[Super Heroes feature]&quot;](13)" classname="runner.TestRunner" time="0.151">
    <system-out><![CDATA[
Scenario: Verify that the particular user in the list is displayed &amp#27;[90m# src/test/java/feature/SuperHeroes.feature:59&amp#27;[0m
  &amp#27;[32mGiven &amp#27;[0m&amp#27;[32mUser Details&amp#27;[0m                                               &amp#27;[90m# step_definitions.MyStepdefs.userDetails()&amp#27;[0m
Request method:	POST
Request URI:	http://localhost:8090/heroes
Proxy:			<none>
Request params:	<none>
Query params:	<none>
Form params:	<none>
Path params:	<none>
Headers:		Accept=application/json
				Authorization=Basic dXNlcm5hbWU6cGFzc3dvcmQ=
				Content-Type=application/json
Cookies:		<none>
Multiparts:		<none>
Body:
{
    "id": 0,
    "name": "Tony",
    "superName": "Fighter",
    "profession": "Avenger",
    "age": 50,
    "canFly": true
}
HTTP/1.1 201 
Set-Cookie: JSESSIONID=9A11C93FCB66FC1887ECB537A5C40194; Path=/; HttpOnly
Location: http://localhost:8090/9
X-Content-Type-Options: nosniff
X-XSS-Protection: 1; mode=block
Cache-Control: no-cache, no-store, max-age=0, must-revalidate
Pragma: no-cache
Expires: 0
X-Frame-Options: DENY
Content-Type: application/json
Transfer-Encoding: chunked
Date: Wed, 17 Aug 2022 07:12:43 GMT
Keep-Alive: timeout=60
Connection: keep-alive

{
    "id": 9,
    "name": "Tony",
    "superName": "Fighter",
    "profession": "Avenger",
    "age": 50,
    "canFly": true
}
  &amp#27;[32mWhen &amp#27;[0m&amp#27;[32mcreating a User&amp#27;[0m                                             &amp#27;[90m# step_definitions.MyStepdefs.creatingAUser()&amp#27;[0m
Request method:	GET
Request URI:	http://localhost:8090/heroes/9
Proxy:			<none>
Request params:	<none>
Query params:	<none>
Form params:	<none>
Path params:	<none>
Headers:		Accept=application/json
				Authorization=Basic dXNlcm5hbWU6cGFzc3dvcmQ=
				Content-Type=application/json
Cookies:		<none>
Multiparts:		<none>
Body:			<none>
HTTP/1.1 200 
Set-Cookie: JSESSIONID=D621632B16A65C49BBFC47D9500BAD62; Path=/; HttpOnly
X-Content-Type-Options: nosniff
X-XSS-Protection: 1; mode=block
Cache-Control: no-cache, no-store, max-age=0, must-revalidate
Pragma: no-cache
Expires: 0
X-Frame-Options: DENY
Content-Type: application/json
Transfer-Encoding: chunked
Date: Wed, 17 Aug 2022 07:12:43 GMT
Keep-Alive: timeout=60
Connection: keep-alive

{
    "id": 9,
    "name": "Tony",
    "superName": "Fighter",
    "profession": "Avenger",
    "age": 50,
    "canFly": true
}
  &amp#27;[32mThen &amp#27;[0m&amp#27;[32muser with particular id must be displayed&amp#27;[0m                   &amp#27;[90m# step_definitions.MyStepdefs.userWithParticularIdMustBeDisplayed()&amp#27;[0m
]]></system-out>
  </testcase>
  <testcase name="runScenario[&quot;Verify that the user is deleted&quot;, &quot;Optional[Super Heroes feature]&quot;](14)" classname="runner.TestRunner" time="0.16">
    <system-out><![CDATA[
Scenario: Verify that the user is deleted &amp#27;[90m# src/test/java/feature/SuperHeroes.feature:63&amp#27;[0m
  &amp#27;[32mGiven &amp#27;[0m&amp#27;[32mUser Details&amp#27;[0m                      &amp#27;[90m# step_definitions.MyStepdefs.userDetails()&amp#27;[0m
Request method:	POST
Request URI:	http://localhost:8090/heroes
Proxy:			<none>
Request params:	<none>
Query params:	<none>
Form params:	<none>
Path params:	<none>
Headers:		Accept=application/json
				Authorization=Basic dXNlcm5hbWU6cGFzc3dvcmQ=
				Content-Type=application/json
Cookies:		<none>
Multiparts:		<none>
Body:
{
    "id": 0,
    "name": "Tony",
    "superName": "Fighter",
    "profession": "Avenger",
    "age": 50,
    "canFly": true
}
HTTP/1.1 201 
Set-Cookie: JSESSIONID=3D02A21E25CE46162B60DE5D163CE193; Path=/; HttpOnly
Location: http://localhost:8090/10
X-Content-Type-Options: nosniff
X-XSS-Protection: 1; mode=block
Cache-Control: no-cache, no-store, max-age=0, must-revalidate
Pragma: no-cache
Expires: 0
X-Frame-Options: DENY
Content-Type: application/json
Transfer-Encoding: chunked
Date: Wed, 17 Aug 2022 07:12:43 GMT
Keep-Alive: timeout=60
Connection: keep-alive

{
    "id": 10,
    "name": "Tony",
    "superName": "Fighter",
    "profession": "Avenger",
    "age": 50,
    "canFly": true
}
  &amp#27;[32mWhen &amp#27;[0m&amp#27;[32mcreating a User&amp#27;[0m                    &amp#27;[90m# step_definitions.MyStepdefs.creatingAUser()&amp#27;[0m
Request method:	DELETE
Request URI:	http://localhost:8090/heroes/10
Proxy:			<none>
Request params:	<none>
Query params:	<none>
Form params:	<none>
Path params:	<none>
Headers:		Accept=application/json
				Authorization=Basic dXNlcm5hbWU6cGFzc3dvcmQ=
				Content-Type=application/json
Cookies:		<none>
Multiparts:		<none>
Body:			<none>
HTTP/1.1 200 
Set-Cookie: JSESSIONID=D42B9C9442322C9A4E1690C0FF964CFE; Path=/; HttpOnly
X-Content-Type-Options: nosniff
X-XSS-Protection: 1; mode=block
Cache-Control: no-cache, no-store, max-age=0, must-revalidate
Pragma: no-cache
Expires: 0
X-Frame-Options: DENY
Content-Type: application/json
Content-Length: 24
Date: Wed, 17 Aug 2022 07:12:43 GMT
Keep-Alive: timeout=60
Connection: keep-alive

Deleted successfully...!
  &amp#27;[32mThen &amp#27;[0m&amp#27;[32mDeleting a user&amp#27;[0m                    &amp#27;[90m# step_definitions.MyStepdefs.deletingAUser()&amp#27;[0m
]]></system-out>
  </testcase>
  <testcase name="runScenario[&quot;Verify that the invalid user is deleted&quot;, &quot;Optional[Super Heroes feature]&quot;](15)" classname="runner.TestRunner" time="0.154">
    <system-out><![CDATA[
Scenario: Verify that the invalid user is deleted &amp#27;[90m# src/test/java/feature/SuperHeroes.feature:67&amp#27;[0m
  &amp#27;[32mGiven &amp#27;[0m&amp#27;[32mUser Details&amp#27;[0m                              &amp#27;[90m# step_definitions.MyStepdefs.userDetails()&amp#27;[0m
Request method:	POST
Request URI:	http://localhost:8090/heroes
Proxy:			<none>
Request params:	<none>
Query params:	<none>
Form params:	<none>
Path params:	<none>
Headers:		Accept=application/json
				Authorization=Basic dXNlcm5hbWU6cGFzc3dvcmQ=
				Content-Type=application/json
Cookies:		<none>
Multiparts:		<none>
Body:
{
    "id": 0,
    "name": "Tony",
    "superName": "Fighter",
    "profession": "Avenger",
    "age": 50,
    "canFly": true
}
HTTP/1.1 201 
Set-Cookie: JSESSIONID=1195CB6EFA92DE75BB6894B9A67D0267; Path=/; HttpOnly
Location: http://localhost:8090/11
X-Content-Type-Options: nosniff
X-XSS-Protection: 1; mode=block
Cache-Control: no-cache, no-store, max-age=0, must-revalidate
Pragma: no-cache
Expires: 0
X-Frame-Options: DENY
Content-Type: application/json
Transfer-Encoding: chunked
Date: Wed, 17 Aug 2022 07:12:43 GMT
Keep-Alive: timeout=60
Connection: keep-alive

{
    "id": 11,
    "name": "Tony",
    "superName": "Fighter",
    "profession": "Avenger",
    "age": 50,
    "canFly": true
}
  &amp#27;[32mWhen &amp#27;[0m&amp#27;[32mcreating a User&amp#27;[0m                            &amp#27;[90m# step_definitions.MyStepdefs.creatingAUser()&amp#27;[0m
Request method:	DELETE
Request URI:	http://localhost:8090/heroes/200
Proxy:			<none>
Request params:	<none>
Query params:	<none>
Form params:	<none>
Path params:	<none>
Headers:		Accept=application/json
				Authorization=Basic dXNlcm5hbWU6cGFzc3dvcmQ=
				Content-Type=application/json
Cookies:		<none>
Multiparts:		<none>
Body:			<none>
HTTP/1.1 200 
Set-Cookie: JSESSIONID=19B1A09332BED2830034E665E354243A; Path=/; HttpOnly
X-Content-Type-Options: nosniff
X-XSS-Protection: 1; mode=block
Cache-Control: no-cache, no-store, max-age=0, must-revalidate
Pragma: no-cache
Expires: 0
X-Frame-Options: DENY
Content-Type: application/json
Content-Length: 24
Date: Wed, 17 Aug 2022 07:12:43 GMT
Keep-Alive: timeout=60
Connection: keep-alive

Deleted successfully...!
  &amp#27;[32mThen &amp#27;[0m&amp#27;[32mDeleting a invalid user&amp#27;[0m                    &amp#27;[90m# step_definitions.MyStepdefs.deletingAInvalidUser()&amp#27;[0m
]]></system-out>
  </testcase>
</testsuite>