<?xml version="1.0" encoding="UTF-8"?>
<testng-results ignored="0" total="15" passed="15" failed="0" skipped="0">
  <reporter-output>
  </reporter-output>
  <suite started-at="2022-08-17T12:42:39 IST" name="All Test Suite" finished-at="2022-08-17T12:42:46 IST" duration-ms="7249">
    <groups>
      <group name="cucumber">
        <method signature="AbstractTestNGCucumberTests.runScenario(io.cucumber.testng.PickleWrapper,io.cucumber.testng.FeatureWrapper)[pri:0, instance:runner.TestRunner@2c767a52]" name="runScenario" class="io.cucumber.testng.AbstractTestNGCucumberTests"/>
      </group> <!-- cucumber -->
    </groups>
    <test started-at="2022-08-17T12:42:39 IST" name="C:/Users/Abigail/IdeaProjects/sprint-2" finished-at="2022-08-17T12:42:46 IST" duration-ms="7249">
      <class name="runner.TestRunner">
        <test-method is-config="true" signature="setUpClass()[pri:0, instance:runner.TestRunner@2c767a52]" started-at="2022-08-17T12:42:40 IST" name="setUpClass" finished-at="2022-08-17T12:42:40 IST" duration-ms="395" status="PASS">
          <reporter-output>
          </reporter-output>
        </test-method> <!-- setUpClass -->
        <test-method signature="runScenario(io.cucumber.testng.PickleWrapper,io.cucumber.testng.FeatureWrapper)[pri:0, instance:runner.TestRunner@2c767a52]" started-at="2022-08-17T12:42:40 IST" name="runScenario" description="Runs Cucumber Scenarios" data-provider="scenarios" finished-at="2022-08-17T12:42:42 IST" duration-ms="1670" status="PASS">
          <params>
            <param index="0">
              <value>
                <![CDATA["Verify that the user is able to created"]]>
              </value>
            </param>
            <param index="1">
              <value>
                <![CDATA["Optional[Super Heroes feature]"]]>
              </value>
            </param>
          </params>
          <reporter-output>
          </reporter-output>
        </test-method> <!-- runScenario -->
        <test-method signature="runScenario(io.cucumber.testng.PickleWrapper,io.cucumber.testng.FeatureWrapper)[pri:0, instance:runner.TestRunner@2c767a52]" started-at="2022-08-17T12:42:42 IST" name="runScenario" description="Runs Cucumber Scenarios" data-provider="scenarios" finished-at="2022-08-17T12:42:42 IST" duration-ms="504" status="PASS">
          <params>
            <param index="0">
              <value>
                <![CDATA["Verify that the user is not able to create with no name"]]>
              </value>
            </param>
            <param index="1">
              <value>
                <![CDATA["Optional[Super Heroes feature]"]]>
              </value>
            </param>
          </params>
          <reporter-output>
          </reporter-output>
        </test-method> <!-- runScenario -->
        <test-method signature="runScenario(io.cucumber.testng.PickleWrapper,io.cucumber.testng.FeatureWrapper)[pri:0, instance:runner.TestRunner@2c767a52]" started-at="2022-08-17T12:42:42 IST" name="runScenario" description="Runs Cucumber Scenarios" data-provider="scenarios" finished-at="2022-08-17T12:42:42 IST" duration-ms="105" status="PASS">
          <params>
            <param index="0">
              <value>
                <![CDATA["Verify that the user is not able to create with no super name"]]>
              </value>
            </param>
            <param index="1">
              <value>
                <![CDATA["Optional[Super Heroes feature]"]]>
              </value>
            </param>
          </params>
          <reporter-output>
          </reporter-output>
        </test-method> <!-- runScenario -->
        <test-method signature="runScenario(io.cucumber.testng.PickleWrapper,io.cucumber.testng.FeatureWrapper)[pri:0, instance:runner.TestRunner@2c767a52]" started-at="2022-08-17T12:42:42 IST" name="runScenario" description="Runs Cucumber Scenarios" data-provider="scenarios" finished-at="2022-08-17T12:42:42 IST" duration-ms="94" status="PASS">
          <params>
            <param index="0">
              <value>
                <![CDATA["Verify that the user is  not able to create with no profession"]]>
              </value>
            </param>
            <param index="1">
              <value>
                <![CDATA["Optional[Super Heroes feature]"]]>
              </value>
            </param>
          </params>
          <reporter-output>
          </reporter-output>
        </test-method> <!-- runScenario -->
        <test-method signature="runScenario(io.cucumber.testng.PickleWrapper,io.cucumber.testng.FeatureWrapper)[pri:0, instance:runner.TestRunner@2c767a52]" started-at="2022-08-17T12:42:42 IST" name="runScenario" description="Runs Cucumber Scenarios" data-provider="scenarios" finished-at="2022-08-17T12:42:42 IST" duration-ms="97" status="PASS">
          <params>
            <param index="0">
              <value>
                <![CDATA["Verify that the user is  not able to create with blank age"]]>
              </value>
            </param>
            <param index="1">
              <value>
                <![CDATA["Optional[Super Heroes feature]"]]>
              </value>
            </param>
          </params>
          <reporter-output>
          </reporter-output>
        </test-method> <!-- runScenario -->
        <test-method signature="runScenario(io.cucumber.testng.PickleWrapper,io.cucumber.testng.FeatureWrapper)[pri:0, instance:runner.TestRunner@2c767a52]" started-at="2022-08-17T12:42:42 IST" name="runScenario" description="Runs Cucumber Scenarios" data-provider="scenarios" finished-at="2022-08-17T12:42:42 IST" duration-ms="88" status="PASS">
          <params>
            <param index="0">
              <value>
                <![CDATA["Verify that the user is created with blank canFly status"]]>
              </value>
            </param>
            <param index="1">
              <value>
                <![CDATA["Optional[Super Heroes feature]"]]>
              </value>
            </param>
          </params>
          <reporter-output>
          </reporter-output>
        </test-method> <!-- runScenario -->
        <test-method signature="runScenario(io.cucumber.testng.PickleWrapper,io.cucumber.testng.FeatureWrapper)[pri:0, instance:runner.TestRunner@2c767a52]" started-at="2022-08-17T12:42:42 IST" name="runScenario" description="Runs Cucumber Scenarios" data-provider="scenarios" finished-at="2022-08-17T12:42:43 IST" duration-ms="195" status="PASS">
          <params>
            <param index="0">
              <value>
                <![CDATA["Verify that the user name is updated"]]>
              </value>
            </param>
            <param index="1">
              <value>
                <![CDATA["Optional[Super Heroes feature]"]]>
              </value>
            </param>
          </params>
          <reporter-output>
          </reporter-output>
        </test-method> <!-- runScenario -->
        <test-method signature="runScenario(io.cucumber.testng.PickleWrapper,io.cucumber.testng.FeatureWrapper)[pri:0, instance:runner.TestRunner@2c767a52]" started-at="2022-08-17T12:42:43 IST" name="runScenario" description="Runs Cucumber Scenarios" data-provider="scenarios" finished-at="2022-08-17T12:42:43 IST" duration-ms="164" status="PASS">
          <params>
            <param index="0">
              <value>
                <![CDATA["Verify that the user super name is updated"]]>
              </value>
            </param>
            <param index="1">
              <value>
                <![CDATA["Optional[Super Heroes feature]"]]>
              </value>
            </param>
          </params>
          <reporter-output>
          </reporter-output>
        </test-method> <!-- runScenario -->
        <test-method signature="runScenario(io.cucumber.testng.PickleWrapper,io.cucumber.testng.FeatureWrapper)[pri:0, instance:runner.TestRunner@2c767a52]" started-at="2022-08-17T12:42:43 IST" name="runScenario" description="Runs Cucumber Scenarios" data-provider="scenarios" finished-at="2022-08-17T12:42:43 IST" duration-ms="163" status="PASS">
          <params>
            <param index="0">
              <value>
                <![CDATA["Verify that the user profession is updated"]]>
              </value>
            </param>
            <param index="1">
              <value>
                <![CDATA["Optional[Super Heroes feature]"]]>
              </value>
            </param>
          </params>
          <reporter-output>
          </reporter-output>
        </test-method> <!-- runScenario -->
        <test-method signature="runScenario(io.cucumber.testng.PickleWrapper,io.cucumber.testng.FeatureWrapper)[pri:0, instance:runner.TestRunner@2c767a52]" started-at="2022-08-17T12:42:43 IST" name="runScenario" description="Runs Cucumber Scenarios" data-provider="scenarios" finished-at="2022-08-17T12:42:43 IST" duration-ms="163" status="PASS">
          <params>
            <param index="0">
              <value>
                <![CDATA["Verify that the user age is updated"]]>
              </value>
            </param>
            <param index="1">
              <value>
                <![CDATA["Optional[Super Heroes feature]"]]>
              </value>
            </param>
          </params>
          <reporter-output>
          </reporter-output>
        </test-method> <!-- runScenario -->
        <test-method signature="runScenario(io.cucumber.testng.PickleWrapper,io.cucumber.testng.FeatureWrapper)[pri:0, instance:runner.TestRunner@2c767a52]" started-at="2022-08-17T12:42:43 IST" name="runScenario" description="Runs Cucumber Scenarios" data-provider="scenarios" finished-at="2022-08-17T12:42:43 IST" duration-ms="167" status="PASS">
          <params>
            <param index="0">
              <value>
                <![CDATA["Verify that the user canFly status is updated"]]>
              </value>
            </param>
            <param index="1">
              <value>
                <![CDATA["Optional[Super Heroes feature]"]]>
              </value>
            </param>
          </params>
          <reporter-output>
          </reporter-output>
        </test-method> <!-- runScenario -->
        <test-method signature="runScenario(io.cucumber.testng.PickleWrapper,io.cucumber.testng.FeatureWrapper)[pri:0, instance:runner.TestRunner@2c767a52]" started-at="2022-08-17T12:42:43 IST" name="runScenario" description="Runs Cucumber Scenarios" data-provider="scenarios" finished-at="2022-08-17T12:42:44 IST" duration-ms="228" status="PASS">
          <params>
            <param index="0">
              <value>
                <![CDATA["Verify that the users list is displayed"]]>
              </value>
            </param>
            <param index="1">
              <value>
                <![CDATA["Optional[Super Heroes feature]"]]>
              </value>
            </param>
          </params>
          <reporter-output>
          </reporter-output>
        </test-method> <!-- runScenario -->
        <test-method signature="runScenario(io.cucumber.testng.PickleWrapper,io.cucumber.testng.FeatureWrapper)[pri:0, instance:runner.TestRunner@2c767a52]" started-at="2022-08-17T12:42:44 IST" name="runScenario" description="Runs Cucumber Scenarios" data-provider="scenarios" finished-at="2022-08-17T12:42:44 IST" duration-ms="154" status="PASS">
          <params>
            <param index="0">
              <value>
                <![CDATA["Verify that the particular user in the list is displayed"]]>
              </value>
            </param>
            <param index="1">
              <value>
                <![CDATA["Optional[Super Heroes feature]"]]>
              </value>
            </param>
          </params>
          <reporter-output>
          </reporter-output>
        </test-method> <!-- runScenario -->
        <test-method signature="runScenario(io.cucumber.testng.PickleWrapper,io.cucumber.testng.FeatureWrapper)[pri:0, instance:runner.TestRunner@2c767a52]" started-at="2022-08-17T12:42:44 IST" name="runScenario" description="Runs Cucumber Scenarios" data-provider="scenarios" finished-at="2022-08-17T12:42:44 IST" duration-ms="160" status="PASS">
          <params>
            <param index="0">
              <value>
                <![CDATA["Verify that the user is deleted"]]>
              </value>
            </param>
            <param index="1">
              <value>
                <![CDATA["Optional[Super Heroes feature]"]]>
              </value>
            </param>
          </params>
          <reporter-output>
          </reporter-output>
        </test-method> <!-- runScenario -->
        <test-method signature="runScenario(io.cucumber.testng.PickleWrapper,io.cucumber.testng.FeatureWrapper)[pri:0, instance:runner.TestRunner@2c767a52]" started-at="2022-08-17T12:42:44 IST" name="runScenario" description="Runs Cucumber Scenarios" data-provider="scenarios" finished-at="2022-08-17T12:42:44 IST" duration-ms="154" status="PASS">
          <params>
            <param index="0">
              <value>
                <![CDATA["Verify that the invalid user is deleted"]]>
              </value>
            </param>
            <param index="1">
              <value>
                <![CDATA["Optional[Super Heroes feature]"]]>
              </value>
            </param>
          </params>
          <reporter-output>
          </reporter-output>
        </test-method> <!-- runScenario -->
        <test-method is-config="true" signature="tearDownClass()[pri:0, instance:runner.TestRunner@2c767a52]" started-at="2022-08-17T12:42:44 IST" name="tearDownClass" finished-at="2022-08-17T12:42:46 IST" duration-ms="2176" status="PASS">
          <reporter-output>
          </reporter-output>
        </test-method> <!-- tearDownClass -->
      </class> <!-- runner.TestRunner -->
    </test> <!-- C:/Users/Abigail/IdeaProjects/sprint-2 -->
  </suite> <!-- All Test Suite -->
</testng-results>
