<?xml version="1.0" encoding="UTF-8"?>
<testng-results ignored="0" total="15" passed="15" failed="0" skipped="0">
  <reporter-output>
  </reporter-output>
  <suite started-at="2022-08-17T11:25:27 IST" name="Default Suite" finished-at="2022-08-17T11:25:34 IST" duration-ms="7060">
    <groups>
      <group name="cucumber">
        <method signature="AbstractTestNGCucumberTests.runScenario(io.cucumber.testng.PickleWrapper,io.cucumber.testng.FeatureWrapper)[pri:0, instance:runner.TestRunner@23529fee]" name="runScenario" class="io.cucumber.testng.AbstractTestNGCucumberTests"/>
      </group> <!-- cucumber -->
    </groups>
    <test started-at="2022-08-17T11:25:27 IST" name="sprint-2" finished-at="2022-08-17T11:25:34 IST" duration-ms="7060">
      <class name="runner.TestRunner">
        <test-method is-config="true" signature="setUpClass()[pri:0, instance:runner.TestRunner@23529fee]" started-at="2022-08-17T11:25:28 IST" name="setUpClass" finished-at="2022-08-17T11:25:28 IST" duration-ms="442" status="PASS">
          <reporter-output>
          </reporter-output>
        </test-method> <!-- setUpClass -->
        <test-method signature="runScenario(io.cucumber.testng.PickleWrapper,io.cucumber.testng.FeatureWrapper)[pri:0, instance:runner.TestRunner@23529fee]" started-at="2022-08-17T11:25:28 IST" name="runScenario" description="Runs Cucumber Scenarios" data-provider="scenarios" finished-at="2022-08-17T11:25:30 IST" duration-ms="1684" status="PASS">
          <params>
            <param index="0">
              <value>
                <![CDATA["Verify that the user is able to created"]]>
              </value>
            </param>
            <param index="1">
              <value>
                <![CDATA["Optional[Super Heroes feature]"]]>
              </value>
            </param>
          </params>
          <reporter-output>
          </reporter-output>
        </test-method> <!-- runScenario -->
        <test-method signature="runScenario(io.cucumber.testng.PickleWrapper,io.cucumber.testng.FeatureWrapper)[pri:0, instance:runner.TestRunner@23529fee]" started-at="2022-08-17T11:25:30 IST" name="runScenario" description="Runs Cucumber Scenarios" data-provider="scenarios" finished-at="2022-08-17T11:25:31 IST" duration-ms="493" status="PASS">
          <params>
            <param index="0">
              <value>
                <![CDATA["Verify that the user is not able to create with no name"]]>
              </value>
            </param>
            <param index="1">
              <value>
                <![CDATA["Optional[Super Heroes feature]"]]>
              </value>
            </param>
          </params>
          <reporter-output>
          </reporter-output>
        </test-method> <!-- runScenario -->
        <test-method signature="runScenario(io.cucumber.testng.PickleWrapper,io.cucumber.testng.FeatureWrapper)[pri:0, instance:runner.TestRunner@23529fee]" started-at="2022-08-17T11:25:31 IST" name="runScenario" description="Runs Cucumber Scenarios" data-provider="scenarios" finished-at="2022-08-17T11:25:31 IST" duration-ms="102" status="PASS">
          <params>
            <param index="0">
              <value>
                <![CDATA["Verify that the user is not able to create with no super name"]]>
              </value>
            </param>
            <param index="1">
              <value>
                <![CDATA["Optional[Super Heroes feature]"]]>
              </value>
            </param>
          </params>
          <reporter-output>
          </reporter-output>
        </test-method> <!-- runScenario -->
        <test-method signature="runScenario(io.cucumber.testng.PickleWrapper,io.cucumber.testng.FeatureWrapper)[pri:0, instance:runner.TestRunner@23529fee]" started-at="2022-08-17T11:25:31 IST" name="runScenario" description="Runs Cucumber Scenarios" data-provider="scenarios" finished-at="2022-08-17T11:25:31 IST" duration-ms="95" status="PASS">
          <params>
            <param index="0">
              <value>
                <![CDATA["Verify that the user is  not able to create with no profession"]]>
              </value>
            </param>
            <param index="1">
              <value>
                <![CDATA["Optional[Super Heroes feature]"]]>
              </value>
            </param>
          </params>
          <reporter-output>
          </reporter-output>
        </test-method> <!-- runScenario -->
        <test-method signature="runScenario(io.cucumber.testng.PickleWrapper,io.cucumber.testng.FeatureWrapper)[pri:0, instance:runner.TestRunner@23529fee]" started-at="2022-08-17T11:25:31 IST" name="runScenario" description="Runs Cucumber Scenarios" data-provider="scenarios" finished-at="2022-08-17T11:25:31 IST" duration-ms="94" status="PASS">
          <params>
            <param index="0">
              <value>
                <![CDATA["Verify that the user is  not able to create with blank age"]]>
              </value>
            </param>
            <param index="1">
              <value>
                <![CDATA["Optional[Super Heroes feature]"]]>
              </value>
            </param>
          </params>
          <reporter-output>
          </reporter-output>
        </test-method> <!-- runScenario -->
        <test-method signature="runScenario(io.cucumber.testng.PickleWrapper,io.cucumber.testng.FeatureWrapper)[pri:0, instance:runner.TestRunner@23529fee]" started-at="2022-08-17T11:25:31 IST" name="runScenario" description="Runs Cucumber Scenarios" data-provider="scenarios" finished-at="2022-08-17T11:25:31 IST" duration-ms="94" status="PASS">
          <params>
            <param index="0">
              <value>
                <![CDATA["Verify that the user is created with blank canFly status"]]>
              </value>
            </param>
            <param index="1">
              <value>
                <![CDATA["Optional[Super Heroes feature]"]]>
              </value>
            </param>
          </params>
          <reporter-output>
          </reporter-output>
        </test-method> <!-- runScenario -->
        <test-method signature="runScenario(io.cucumber.testng.PickleWrapper,io.cucumber.testng.FeatureWrapper)[pri:0, instance:runner.TestRunner@23529fee]" started-at="2022-08-17T11:25:31 IST" name="runScenario" description="Runs Cucumber Scenarios" data-provider="scenarios" finished-at="2022-08-17T11:25:31 IST" duration-ms="195" status="PASS">
          <params>
            <param index="0">
              <value>
                <![CDATA["Verify that the user name is updated"]]>
              </value>
            </param>
            <param index="1">
              <value>
                <![CDATA["Optional[Super Heroes feature]"]]>
              </value>
            </param>
          </params>
          <reporter-output>
          </reporter-output>
        </test-method> <!-- runScenario -->
        <test-method signature="runScenario(io.cucumber.testng.PickleWrapper,io.cucumber.testng.FeatureWrapper)[pri:0, instance:runner.TestRunner@23529fee]" started-at="2022-08-17T11:25:31 IST" name="runScenario" description="Runs Cucumber Scenarios" data-provider="scenarios" finished-at="2022-08-17T11:25:31 IST" duration-ms="174" status="PASS">
          <params>
            <param index="0">
              <value>
                <![CDATA["Verify that the user super name is updated"]]>
              </value>
            </param>
            <param index="1">
              <value>
                <![CDATA["Optional[Super Heroes feature]"]]>
              </value>
            </param>
          </params>
          <reporter-output>
          </reporter-output>
        </test-method> <!-- runScenario -->
        <test-method signature="runScenario(io.cucumber.testng.PickleWrapper,io.cucumber.testng.FeatureWrapper)[pri:0, instance:runner.TestRunner@23529fee]" started-at="2022-08-17T11:25:31 IST" name="runScenario" description="Runs Cucumber Scenarios" data-provider="scenarios" finished-at="2022-08-17T11:25:31 IST" duration-ms="160" status="PASS">
          <params>
            <param index="0">
              <value>
                <![CDATA["Verify that the user profession is updated"]]>
              </value>
            </param>
            <param index="1">
              <value>
                <![CDATA["Optional[Super Heroes feature]"]]>
              </value>
            </param>
          </params>
          <reporter-output>
          </reporter-output>
        </test-method> <!-- runScenario -->
        <test-method signature="runScenario(io.cucumber.testng.PickleWrapper,io.cucumber.testng.FeatureWrapper)[pri:0, instance:runner.TestRunner@23529fee]" started-at="2022-08-17T11:25:31 IST" name="runScenario" description="Runs Cucumber Scenarios" data-provider="scenarios" finished-at="2022-08-17T11:25:32 IST" duration-ms="163" status="PASS">
          <params>
            <param index="0">
              <value>
                <![CDATA["Verify that the user age is updated"]]>
              </value>
            </param>
            <param index="1">
              <value>
                <![CDATA["Optional[Super Heroes feature]"]]>
              </value>
            </param>
          </params>
          <reporter-output>
          </reporter-output>
        </test-method> <!-- runScenario -->
        <test-method signature="runScenario(io.cucumber.testng.PickleWrapper,io.cucumber.testng.FeatureWrapper)[pri:0, instance:runner.TestRunner@23529fee]" started-at="2022-08-17T11:25:32 IST" name="runScenario" description="Runs Cucumber Scenarios" data-provider="scenarios" finished-at="2022-08-17T11:25:32 IST" duration-ms="178" status="PASS">
          <params>
            <param index="0">
              <value>
                <![CDATA["Verify that the user canFly status is updated"]]>
              </value>
            </param>
            <param index="1">
              <value>
                <![CDATA["Optional[Super Heroes feature]"]]>
              </value>
            </param>
          </params>
          <reporter-output>
          </reporter-output>
        </test-method> <!-- runScenario -->
        <test-method signature="runScenario(io.cucumber.testng.PickleWrapper,io.cucumber.testng.FeatureWrapper)[pri:0, instance:runner.TestRunner@23529fee]" started-at="2022-08-17T11:25:32 IST" name="runScenario" description="Runs Cucumber Scenarios" data-provider="scenarios" finished-at="2022-08-17T11:25:32 IST" duration-ms="232" status="PASS">
          <params>
            <param index="0">
              <value>
                <![CDATA["Verify that the users list is displayed"]]>
              </value>
            </param>
            <param index="1">
              <value>
                <![CDATA["Optional[Super Heroes feature]"]]>
              </value>
            </param>
          </params>
          <reporter-output>
          </reporter-output>
        </test-method> <!-- runScenario -->
        <test-method signature="runScenario(io.cucumber.testng.PickleWrapper,io.cucumber.testng.FeatureWrapper)[pri:0, instance:runner.TestRunner@23529fee]" started-at="2022-08-17T11:25:32 IST" name="runScenario" description="Runs Cucumber Scenarios" data-provider="scenarios" finished-at="2022-08-17T11:25:32 IST" duration-ms="158" status="PASS">
          <params>
            <param index="0">
              <value>
                <![CDATA["Verify that the particular user in the list is displayed"]]>
              </value>
            </param>
            <param index="1">
              <value>
                <![CDATA["Optional[Super Heroes feature]"]]>
              </value>
            </param>
          </params>
          <reporter-output>
          </reporter-output>
        </test-method> <!-- runScenario -->
        <test-method signature="runScenario(io.cucumber.testng.PickleWrapper,io.cucumber.testng.FeatureWrapper)[pri:0, instance:runner.TestRunner@23529fee]" started-at="2022-08-17T11:25:32 IST" name="runScenario" description="Runs Cucumber Scenarios" data-provider="scenarios" finished-at="2022-08-17T11:25:32 IST" duration-ms="157" status="PASS">
          <params>
            <param index="0">
              <value>
                <![CDATA["Verify that the user is deleted"]]>
              </value>
            </param>
            <param index="1">
              <value>
                <![CDATA["Optional[Super Heroes feature]"]]>
              </value>
            </param>
          </params>
          <reporter-output>
          </reporter-output>
        </test-method> <!-- runScenario -->
        <test-method signature="runScenario(io.cucumber.testng.PickleWrapper,io.cucumber.testng.FeatureWrapper)[pri:0, instance:runner.TestRunner@23529fee]" started-at="2022-08-17T11:25:32 IST" name="runScenario" description="Runs Cucumber Scenarios" data-provider="scenarios" finished-at="2022-08-17T11:25:32 IST" duration-ms="152" status="PASS">
          <params>
            <param index="0">
              <value>
                <![CDATA["Verify that the invalid user is deleted"]]>
              </value>
            </param>
            <param index="1">
              <value>
                <![CDATA["Optional[Super Heroes feature]"]]>
              </value>
            </param>
          </params>
          <reporter-output>
          </reporter-output>
        </test-method> <!-- runScenario -->
        <test-method is-config="true" signature="tearDownClass()[pri:0, instance:runner.TestRunner@23529fee]" started-at="2022-08-17T11:25:32 IST" name="tearDownClass" finished-at="2022-08-17T11:25:34 IST" duration-ms="1960" status="PASS">
          <reporter-output>
          </reporter-output>
        </test-method> <!-- tearDownClass -->
      </class> <!-- runner.TestRunner -->
    </test> <!-- sprint-2 -->
  </suite> <!-- Default Suite -->
</testng-results>
